<?xml version="1.0" encoding="UTF-8"?>
<!-- Generated by org.testng.reporters.JUnitXMLReporter -->
<testsuite hostname="Switch1-Desktop" ignored="0" name="Default test" tests="7" failures="0" timestamp="2022-03-10T17:58:51 IST" time="59.132" errors="0">
  <testcase name="loginfunctionality" time="2.183" classname="CreditcardprojectAutomation.CreditCardProject.login"/>
  <testcase name="afterlogincheckwhethercorrecturl" time="2.01" classname="CreditcardprojectAutomation.CreditCardProject.login"/>
  <testcase name="NavigatetoApplicationfullfillmentoption" time="5.119" classname="CreditcardprojectAutomation.CreditCardProject.login"/>
  <testcase name="clickApplicationdatacaptureoption" time="16.421" classname="CreditcardprojectAutomation.CreditCardProject.login"/>
  <testcase name="OpenNewApplicationfilldetails" time="10.344" classname="CreditcardprojectAutomation.CreditCardProject.login"/>
  <testcase name="afteropeningapplicationfillbankdetails" time="7.322" classname="CreditcardprojectAutomation.CreditCardProject.login"/>
  <testcase name="afteropeningapplicationfillpersonaldetails" time="6.893" classname="CreditcardprojectAutomation.CreditCardProject.login"/>
</testsuite> <!-- Default test -->
