<?xml version="1.0" encoding="UTF-8"?>
<!-- Generated by org.testng.reporters.JUnitXMLReporter -->
<testsuite hostname="Switch1-Desktop" ignored="0" name="Default test" tests="6" failures="0" timestamp="2022-03-07T16:45:49 IST" time="53.447" errors="0">
  <testcase name="loginfunctionality" time="2.179" classname="CreditcardprojectAutomation.CreditCardProject.login"/>
  <testcase name="afterlogincheckwhethercorrecturl" time="2.009" classname="CreditcardprojectAutomation.CreditCardProject.login"/>
  <testcase name="NavigatetoApplicationfullfillmentoption" time="5.097" classname="CreditcardprojectAutomation.CreditCardProject.login"/>
  <testcase name="clickApplicationdatacaptureoption" time="18.515" classname="CreditcardprojectAutomation.CreditCardProject.login"/>
  <testcase name="OpenNewApplicationfilldetails" time="10.374" classname="CreditcardprojectAutomation.CreditCardProject.login"/>
  <testcase name="afteropeningapplicationfillbankdetails" time="6.116" classname="CreditcardprojectAutomation.CreditCardProject.login"/>
</testsuite> <!-- Default test -->
